2025-01-20 11:54:31,698 - INFO - epochs: 50
2025-01-20 11:54:31,698 - INFO - train_dir: ./data_1/train
2025-01-20 11:54:31,698 - INFO - val_dir: ./data_1/val
2025-01-20 11:54:31,698 - INFO - gpus: 1
2025-01-20 11:54:31,698 - INFO - batch_size: [32, 1]
2025-01-20 11:54:31,698 - INFO - resume: 
2025-01-20 11:54:31,698 - INFO - seed: 1024
2025-01-20 11:57:09,918 - INFO - last best_acc: 0.00, current best_acc: 55.83
2025-01-20 11:57:09,947 - INFO - Model saved to new/without_centerCrop/wo_save_model/model_mobilenet_1.pth
2025-01-20 11:57:09,948 - INFO - Epoch: 1, Train Loss: 1.1354, val Loss: 1.5085, val Accuracy: 55.83%
2025-01-20 11:59:46,389 - INFO - last best_acc: 55.83, current best_acc: 74.58
2025-01-20 11:59:46,456 - INFO - Model saved to new/without_centerCrop/wo_save_model/model_mobilenet_1.pth
2025-01-20 11:59:46,456 - INFO - Epoch: 2, Train Loss: 0.4159, val Loss: 0.7942, val Accuracy: 74.58%
2025-01-20 12:02:24,605 - INFO - last best_acc: 74.58, current best_acc: 78.75
2025-01-20 12:02:24,678 - INFO - Model saved to new/without_centerCrop/wo_save_model/model_mobilenet_1.pth
2025-01-20 12:02:24,678 - INFO - Epoch: 3, Train Loss: 0.2106, val Loss: 0.8657, val Accuracy: 78.75%
2025-01-20 12:05:01,650 - INFO - Epoch: 4, Train Loss: 0.1413, val Loss: 0.9232, val Accuracy: 77.08%
2025-01-20 12:07:31,936 - INFO - last best_acc: 78.75, current best_acc: 80.42
2025-01-20 12:07:31,984 - INFO - Model saved to new/without_centerCrop/wo_save_model/model_mobilenet_1.pth
2025-01-20 12:07:31,984 - INFO - Epoch: 5, Train Loss: 0.1217, val Loss: 0.7562, val Accuracy: 80.42%
2025-01-20 12:10:04,267 - INFO - last best_acc: 80.42, current best_acc: 82.08
2025-01-20 12:10:04,684 - INFO - Model saved to new/without_centerCrop/wo_save_model/model_mobilenet_1.pth
2025-01-20 12:10:04,684 - INFO - Epoch: 6, Train Loss: 0.0857, val Loss: 0.7339, val Accuracy: 82.08%
2025-01-20 12:12:35,602 - INFO - last best_acc: 82.08, current best_acc: 86.25
2025-01-20 12:12:35,676 - INFO - Model saved to new/without_centerCrop/wo_save_model/model_mobilenet_1.pth
2025-01-20 12:12:35,676 - INFO - Epoch: 7, Train Loss: 0.0815, val Loss: 0.6262, val Accuracy: 86.25%
2025-01-20 12:15:05,893 - INFO - Epoch: 8, Train Loss: 0.1020, val Loss: 0.7922, val Accuracy: 84.58%
2025-01-20 12:17:36,465 - INFO - Epoch: 9, Train Loss: 0.0466, val Loss: 0.7111, val Accuracy: 85.83%
2025-01-20 12:20:06,021 - INFO - last best_acc: 86.25, current best_acc: 87.92
2025-01-20 12:20:06,077 - INFO - Model saved to new/without_centerCrop/wo_save_model/model_mobilenet_1.pth
2025-01-20 12:20:06,078 - INFO - Epoch: 10, Train Loss: 0.0378, val Loss: 0.5932, val Accuracy: 87.92%
2025-01-20 12:22:37,410 - INFO - last best_acc: 87.92, current best_acc: 88.33
2025-01-20 12:22:37,457 - INFO - Model saved to new/without_centerCrop/wo_save_model/model_mobilenet_1.pth
2025-01-20 12:22:37,457 - INFO - Epoch: 11, Train Loss: 0.0128, val Loss: 0.6489, val Accuracy: 88.33%
2025-01-20 12:25:08,100 - INFO - Epoch: 12, Train Loss: 0.0219, val Loss: 0.6760, val Accuracy: 87.92%
2025-01-20 12:27:37,752 - INFO - Epoch: 13, Train Loss: 0.0255, val Loss: 0.4808, val Accuracy: 87.92%
2025-01-20 12:30:12,792 - INFO - Epoch: 14, Train Loss: 0.0078, val Loss: 0.7168, val Accuracy: 86.25%
2025-01-20 12:32:46,298 - INFO - Epoch: 15, Train Loss: 0.0145, val Loss: 1.0285, val Accuracy: 81.67%
2025-01-20 12:35:21,080 - INFO - Epoch: 16, Train Loss: 0.0165, val Loss: 0.7230, val Accuracy: 85.42%
2025-01-20 12:37:54,731 - INFO - Epoch: 17, Train Loss: 0.0282, val Loss: 1.4297, val Accuracy: 84.17%
2025-01-20 12:40:25,889 - INFO - Epoch: 18, Train Loss: 0.0330, val Loss: 0.7281, val Accuracy: 87.08%
2025-01-20 12:42:56,949 - INFO - Epoch: 19, Train Loss: 0.0263, val Loss: 0.7002, val Accuracy: 87.50%
2025-01-20 12:45:29,353 - INFO - last best_acc: 88.33, current best_acc: 89.17
2025-01-20 12:45:29,408 - INFO - Model saved to new/without_centerCrop/wo_save_model/model_mobilenet_1.pth
2025-01-20 12:45:29,408 - INFO - Epoch: 20, Train Loss: 0.0060, val Loss: 0.6755, val Accuracy: 89.17%
2025-01-20 12:48:04,653 - INFO - Epoch: 21, Train Loss: 0.0082, val Loss: 0.6779, val Accuracy: 87.50%
2025-01-20 12:50:40,738 - INFO - Epoch: 22, Train Loss: 0.0064, val Loss: 0.6470, val Accuracy: 89.17%
2025-01-20 12:53:14,723 - INFO - Epoch: 23, Train Loss: 0.0042, val Loss: 0.7145, val Accuracy: 87.08%
2025-01-20 12:55:49,275 - INFO - Epoch: 24, Train Loss: 0.0040, val Loss: 0.6787, val Accuracy: 86.67%
2025-01-20 12:58:24,384 - INFO - Epoch: 25, Train Loss: 0.0032, val Loss: 0.6890, val Accuracy: 89.17%
2025-01-20 13:00:58,482 - INFO - Epoch: 26, Train Loss: 0.0024, val Loss: 0.6372, val Accuracy: 88.75%
2025-01-20 13:03:30,776 - INFO - last best_acc: 89.17, current best_acc: 90.83
2025-01-20 13:03:30,841 - INFO - Model saved to new/without_centerCrop/wo_save_model/model_mobilenet_1.pth
2025-01-20 13:03:30,841 - INFO - Epoch: 27, Train Loss: 0.0009, val Loss: 0.6048, val Accuracy: 90.83%
2025-01-20 13:06:02,177 - INFO - Epoch: 28, Train Loss: 0.0010, val Loss: 0.7027, val Accuracy: 88.33%
2025-01-20 13:08:34,552 - INFO - Epoch: 29, Train Loss: 0.0007, val Loss: 0.6333, val Accuracy: 90.83%
2025-01-20 13:11:05,641 - INFO - last best_acc: 90.83, current best_acc: 91.25
2025-01-20 13:11:05,699 - INFO - Model saved to new/without_centerCrop/wo_save_model/model_mobilenet_1.pth
2025-01-20 13:11:05,699 - INFO - Epoch: 30, Train Loss: 0.0002, val Loss: 0.6376, val Accuracy: 91.25%
2025-01-20 13:13:36,290 - INFO - Epoch: 31, Train Loss: 0.0003, val Loss: 0.6188, val Accuracy: 91.25%
2025-01-20 13:16:10,992 - INFO - Epoch: 32, Train Loss: 0.0003, val Loss: 0.5599, val Accuracy: 90.42%
2025-01-20 13:18:44,291 - INFO - Epoch: 33, Train Loss: 0.0001, val Loss: 0.5908, val Accuracy: 90.42%
2025-01-20 13:21:14,862 - INFO - last best_acc: 91.25, current best_acc: 91.67
2025-01-20 13:21:14,923 - INFO - Model saved to new/without_centerCrop/wo_save_model/model_mobilenet_1.pth
2025-01-20 13:21:14,923 - INFO - Epoch: 34, Train Loss: 0.0002, val Loss: 0.5356, val Accuracy: 91.67%
2025-01-20 13:23:49,102 - INFO - Epoch: 35, Train Loss: 0.0001, val Loss: 0.5763, val Accuracy: 90.83%
2025-01-20 13:26:23,390 - INFO - Epoch: 36, Train Loss: 0.0001, val Loss: 0.5915, val Accuracy: 91.25%
2025-01-20 13:28:53,764 - INFO - Epoch: 37, Train Loss: 0.0001, val Loss: 0.5902, val Accuracy: 90.42%
2025-01-20 13:31:24,943 - INFO - Epoch: 38, Train Loss: 0.0001, val Loss: 0.5920, val Accuracy: 91.67%
2025-01-20 13:33:55,020 - INFO - Epoch: 39, Train Loss: 0.0001, val Loss: 0.6045, val Accuracy: 90.83%
2025-01-20 13:36:24,645 - INFO - Epoch: 40, Train Loss: 0.0001, val Loss: 0.6094, val Accuracy: 91.67%
2025-01-20 13:38:57,555 - INFO - Epoch: 41, Train Loss: 0.0001, val Loss: 0.6055, val Accuracy: 91.25%
2025-01-20 13:41:27,757 - INFO - Epoch: 42, Train Loss: 0.0001, val Loss: 0.6199, val Accuracy: 91.25%
2025-01-20 13:43:59,822 - INFO - last best_acc: 91.67, current best_acc: 92.08
2025-01-20 13:43:59,887 - INFO - Model saved to new/without_centerCrop/wo_save_model/model_mobilenet_1.pth
2025-01-20 13:43:59,888 - INFO - Epoch: 43, Train Loss: 0.0001, val Loss: 0.5783, val Accuracy: 92.08%
2025-01-20 13:46:35,774 - INFO - Epoch: 44, Train Loss: 0.0001, val Loss: 0.5773, val Accuracy: 92.08%
2025-01-20 13:49:12,180 - INFO - Epoch: 45, Train Loss: 0.0003, val Loss: 0.8102, val Accuracy: 88.75%
2025-01-20 13:51:41,864 - INFO - Epoch: 46, Train Loss: 0.0005, val Loss: 0.6539, val Accuracy: 90.83%
2025-01-20 13:54:15,068 - INFO - Epoch: 47, Train Loss: 0.0001, val Loss: 0.6431, val Accuracy: 89.58%
2025-01-20 13:56:51,079 - INFO - Epoch: 48, Train Loss: 0.0035, val Loss: 0.6954, val Accuracy: 90.42%
2025-01-20 13:59:13,199 - INFO - Epoch: 49, Train Loss: 0.0011, val Loss: 0.6966, val Accuracy: 90.00%
2025-01-20 14:01:29,570 - INFO - Epoch: 50, Train Loss: 0.0004, val Loss: 0.6617, val Accuracy: 89.58%
