2025-01-19 20:27:01,390 - INFO - epochs: 50
2025-01-19 20:27:01,391 - INFO - train_dir: ./data_1/train
2025-01-19 20:27:01,391 - INFO - val_dir: ./data_1/val
2025-01-19 20:27:01,391 - INFO - gpus: 1
2025-01-19 20:27:01,391 - INFO - batch_size: [32, 1]
2025-01-19 20:27:01,391 - INFO - resume: 
2025-01-19 20:27:01,391 - INFO - seed: 1024
2025-01-19 20:30:11,460 - INFO - last best_acc: 0.00, current best_acc: 30.83
2025-01-19 20:30:11,535 - INFO - Model saved to new/save_model/model_resnet_1.pth
2025-01-19 20:30:11,535 - INFO - Epoch: 1, Train Loss: 1.4456, val Loss: 1.8724, val Accuracy: 30.83%
2025-01-19 20:33:24,403 - INFO - last best_acc: 30.83, current best_acc: 43.75
2025-01-19 20:33:24,991 - INFO - Model saved to new/save_model/model_resnet_1.pth
2025-01-19 20:33:24,992 - INFO - Epoch: 2, Train Loss: 0.9446, val Loss: 2.1027, val Accuracy: 43.75%
2025-01-19 20:36:35,323 - INFO - last best_acc: 43.75, current best_acc: 60.00
2025-01-19 20:36:35,674 - INFO - Model saved to new/save_model/model_resnet_1.pth
2025-01-19 20:36:35,675 - INFO - Epoch: 3, Train Loss: 0.5531, val Loss: 1.0889, val Accuracy: 60.00%
2025-01-19 20:39:40,547 - INFO - Epoch: 4, Train Loss: 0.3248, val Loss: 2.0355, val Accuracy: 52.92%
2025-01-19 20:42:48,389 - INFO - last best_acc: 60.00, current best_acc: 66.67
2025-01-19 20:42:48,765 - INFO - Model saved to new/save_model/model_resnet_1.pth
2025-01-19 20:42:48,766 - INFO - Epoch: 5, Train Loss: 0.1873, val Loss: 1.5317, val Accuracy: 66.67%
2025-01-19 20:45:55,799 - INFO - last best_acc: 66.67, current best_acc: 70.00
2025-01-19 20:45:56,404 - INFO - Model saved to new/save_model/model_resnet_1.pth
2025-01-19 20:45:56,404 - INFO - Epoch: 6, Train Loss: 0.1135, val Loss: 1.3902, val Accuracy: 70.00%
2025-01-19 20:49:03,373 - INFO - Epoch: 7, Train Loss: 0.0895, val Loss: 1.6932, val Accuracy: 56.67%
2025-01-19 20:52:12,662 - INFO - last best_acc: 70.00, current best_acc: 75.00
2025-01-19 20:52:13,001 - INFO - Model saved to new/save_model/model_resnet_1.pth
2025-01-19 20:52:13,001 - INFO - Epoch: 8, Train Loss: 0.1128, val Loss: 1.0879, val Accuracy: 75.00%
2025-01-19 20:55:19,663 - INFO - last best_acc: 75.00, current best_acc: 78.33
2025-01-19 20:55:20,022 - INFO - Model saved to new/save_model/model_resnet_1.pth
2025-01-19 20:55:20,022 - INFO - Epoch: 9, Train Loss: 0.0387, val Loss: 0.8043, val Accuracy: 78.33%
2025-01-19 20:58:30,499 - INFO - Epoch: 10, Train Loss: 0.0173, val Loss: 1.1076, val Accuracy: 77.92%
2025-01-19 21:01:35,808 - INFO - last best_acc: 78.33, current best_acc: 79.58
2025-01-19 21:01:36,123 - INFO - Model saved to new/save_model/model_resnet_1.pth
2025-01-19 21:01:36,123 - INFO - Epoch: 11, Train Loss: 0.0132, val Loss: 0.8226, val Accuracy: 79.58%
2025-01-19 21:04:47,488 - INFO - Epoch: 12, Train Loss: 0.0241, val Loss: 1.2470, val Accuracy: 73.33%
2025-01-19 21:08:00,126 - INFO - Epoch: 13, Train Loss: 0.0626, val Loss: 1.3237, val Accuracy: 75.83%
2025-01-19 21:11:07,766 - INFO - Epoch: 14, Train Loss: 0.0405, val Loss: 1.2869, val Accuracy: 74.58%
2025-01-19 21:14:14,902 - INFO - Epoch: 15, Train Loss: 0.0172, val Loss: 0.9767, val Accuracy: 77.92%
2025-01-19 21:17:19,361 - INFO - Epoch: 16, Train Loss: 0.0066, val Loss: 1.0778, val Accuracy: 79.17%
2025-01-19 21:20:27,331 - INFO - Epoch: 17, Train Loss: 0.0048, val Loss: 1.1415, val Accuracy: 78.75%
2025-01-19 21:23:33,175 - INFO - Epoch: 18, Train Loss: 0.0070, val Loss: 1.1557, val Accuracy: 79.17%
2025-01-19 21:26:40,797 - INFO - last best_acc: 79.58, current best_acc: 81.67
2025-01-19 21:26:41,133 - INFO - Model saved to new/save_model/model_resnet_1.pth
2025-01-19 21:26:41,133 - INFO - Epoch: 19, Train Loss: 0.0057, val Loss: 0.9721, val Accuracy: 81.67%
2025-01-19 21:29:50,020 - INFO - Epoch: 20, Train Loss: 0.0090, val Loss: 1.2537, val Accuracy: 75.83%
2025-01-19 21:32:59,998 - INFO - Epoch: 21, Train Loss: 0.0048, val Loss: 1.0775, val Accuracy: 80.42%
2025-01-19 21:36:04,550 - INFO - Epoch: 22, Train Loss: 0.0250, val Loss: 1.3326, val Accuracy: 75.83%
2025-01-19 21:39:13,673 - INFO - Epoch: 23, Train Loss: 0.0338, val Loss: 1.2009, val Accuracy: 77.50%
2025-01-19 21:42:19,829 - INFO - Epoch: 24, Train Loss: 0.0208, val Loss: 1.0977, val Accuracy: 79.17%
2025-01-19 21:45:33,201 - INFO - Epoch: 25, Train Loss: 0.0065, val Loss: 0.9119, val Accuracy: 77.50%
2025-01-19 21:48:44,096 - INFO - Epoch: 26, Train Loss: 0.0021, val Loss: 0.9835, val Accuracy: 80.42%
2025-01-19 21:51:44,121 - INFO - Epoch: 27, Train Loss: 0.0006, val Loss: 0.9154, val Accuracy: 80.42%
2025-01-19 21:54:41,085 - INFO - Epoch: 28, Train Loss: 0.0006, val Loss: 0.9439, val Accuracy: 80.42%
2025-01-19 21:57:42,854 - INFO - Epoch: 29, Train Loss: 0.0004, val Loss: 0.9230, val Accuracy: 80.42%
2025-01-19 22:00:45,329 - INFO - Epoch: 30, Train Loss: 0.0004, val Loss: 0.9360, val Accuracy: 81.25%
2025-01-19 22:03:43,355 - INFO - Epoch: 31, Train Loss: 0.0002, val Loss: 0.9149, val Accuracy: 81.25%
2025-01-19 22:06:45,511 - INFO - Epoch: 32, Train Loss: 0.0002, val Loss: 0.9145, val Accuracy: 80.42%
2025-01-19 22:09:44,149 - INFO - Epoch: 33, Train Loss: 0.0002, val Loss: 0.9174, val Accuracy: 81.25%
2025-01-19 22:12:45,943 - INFO - Epoch: 34, Train Loss: 0.0002, val Loss: 0.9543, val Accuracy: 80.00%
2025-01-19 22:15:45,071 - INFO - Epoch: 35, Train Loss: 0.0003, val Loss: 0.9282, val Accuracy: 81.25%
2025-01-19 22:18:44,345 - INFO - Epoch: 36, Train Loss: 0.0001, val Loss: 0.9366, val Accuracy: 80.83%
2025-01-19 22:21:44,108 - INFO - last best_acc: 81.67, current best_acc: 82.50
2025-01-19 22:21:44,301 - INFO - Model saved to new/save_model/model_resnet_1.pth
2025-01-19 22:21:44,301 - INFO - Epoch: 37, Train Loss: 0.0003, val Loss: 0.9125, val Accuracy: 82.50%
2025-01-19 22:24:41,843 - INFO - Epoch: 38, Train Loss: 0.0016, val Loss: 1.0398, val Accuracy: 79.58%
2025-01-19 22:27:38,966 - INFO - Epoch: 39, Train Loss: 0.0007, val Loss: 0.9534, val Accuracy: 78.33%
2025-01-19 22:30:41,776 - INFO - Epoch: 40, Train Loss: 0.0003, val Loss: 0.8735, val Accuracy: 80.42%
2025-01-19 22:33:43,673 - INFO - Epoch: 41, Train Loss: 0.0005, val Loss: 1.0012, val Accuracy: 78.33%
2025-01-19 22:36:47,968 - INFO - Epoch: 42, Train Loss: 0.0003, val Loss: 0.9670, val Accuracy: 80.42%
2025-01-19 22:39:45,596 - INFO - Epoch: 43, Train Loss: 0.0002, val Loss: 0.8919, val Accuracy: 80.00%
2025-01-19 22:42:46,008 - INFO - Epoch: 44, Train Loss: 0.0001, val Loss: 0.9041, val Accuracy: 80.42%
2025-01-19 22:45:41,864 - INFO - Epoch: 45, Train Loss: 0.0002, val Loss: 0.9687, val Accuracy: 81.25%
2025-01-19 22:48:45,655 - INFO - Epoch: 46, Train Loss: 0.0001, val Loss: 0.9415, val Accuracy: 80.00%
2025-01-19 22:51:48,521 - INFO - Epoch: 47, Train Loss: 0.0001, val Loss: 0.9258, val Accuracy: 80.00%
2025-01-19 22:54:44,704 - INFO - Epoch: 48, Train Loss: 0.0001, val Loss: 0.9293, val Accuracy: 80.83%
2025-01-19 22:57:44,132 - INFO - Epoch: 49, Train Loss: 0.0002, val Loss: 0.9256, val Accuracy: 80.83%
2025-01-19 23:00:43,342 - INFO - Epoch: 50, Train Loss: 0.0001, val Loss: 0.8996, val Accuracy: 81.67%
