2025-01-14 20:17:32,903 - INFO - epochs: 50
2025-01-14 20:17:32,903 - INFO - train_dir: ./data_0/train
2025-01-14 20:17:32,903 - INFO - val_dir: ./data_0/val
2025-01-14 20:17:32,903 - INFO - gpus: 1
2025-01-14 20:17:32,904 - INFO - batch_size: [32, 1]
2025-01-14 20:17:32,904 - INFO - resume: 
2025-01-14 20:17:32,904 - INFO - seed: 1024
2025-01-14 20:19:59,116 - INFO - last best_acc: 0.00, current best_acc: 76.25
2025-01-14 20:19:59,138 - INFO - Model saved to save_model/model_mobilenet_0.pth
2025-01-14 20:19:59,138 - INFO - Epoch: 1, Train Loss: 0.5368, val Loss: 1.0894, val Accuracy: 76.25%
2025-01-14 20:22:24,417 - INFO - last best_acc: 76.25, current best_acc: 85.83
2025-01-14 20:22:24,477 - INFO - Model saved to save_model/model_mobilenet_0.pth
2025-01-14 20:22:24,478 - INFO - Epoch: 2, Train Loss: 0.1788, val Loss: 0.5373, val Accuracy: 85.83%
2025-01-14 20:24:51,482 - INFO - last best_acc: 85.83, current best_acc: 89.58
2025-01-14 20:24:51,549 - INFO - Model saved to save_model/model_mobilenet_0.pth
2025-01-14 20:24:51,549 - INFO - Epoch: 3, Train Loss: 0.1178, val Loss: 0.3824, val Accuracy: 89.58%
2025-01-14 20:27:21,336 - INFO - Epoch: 4, Train Loss: 0.0875, val Loss: 0.3986, val Accuracy: 87.50%
2025-01-14 20:29:49,268 - INFO - last best_acc: 89.58, current best_acc: 90.00
2025-01-14 20:29:49,538 - INFO - Model saved to save_model/model_mobilenet_0.pth
2025-01-14 20:29:49,538 - INFO - Epoch: 5, Train Loss: 0.0431, val Loss: 0.3861, val Accuracy: 90.00%
2025-01-14 20:32:13,612 - INFO - last best_acc: 90.00, current best_acc: 91.67
2025-01-14 20:32:13,663 - INFO - Model saved to save_model/model_mobilenet_0.pth
2025-01-14 20:32:13,663 - INFO - Epoch: 6, Train Loss: 0.0215, val Loss: 0.4040, val Accuracy: 91.67%
2025-01-14 20:34:38,218 - INFO - Epoch: 7, Train Loss: 0.0675, val Loss: 0.6431, val Accuracy: 82.08%
2025-01-14 20:37:02,299 - INFO - Epoch: 8, Train Loss: 0.0988, val Loss: 0.6298, val Accuracy: 88.33%
2025-01-14 20:39:26,319 - INFO - Epoch: 9, Train Loss: 0.0383, val Loss: 0.2963, val Accuracy: 90.83%
2025-01-14 20:41:53,344 - INFO - last best_acc: 91.67, current best_acc: 93.33
2025-01-14 20:41:53,407 - INFO - Model saved to save_model/model_mobilenet_0.pth
2025-01-14 20:41:53,407 - INFO - Epoch: 10, Train Loss: 0.0114, val Loss: 0.3144, val Accuracy: 93.33%
2025-01-14 20:44:20,965 - INFO - last best_acc: 93.33, current best_acc: 93.75
2025-01-14 20:44:21,024 - INFO - Model saved to save_model/model_mobilenet_0.pth
2025-01-14 20:44:21,028 - INFO - Epoch: 11, Train Loss: 0.0024, val Loss: 0.2563, val Accuracy: 93.75%
2025-01-14 20:46:49,815 - INFO - Epoch: 12, Train Loss: 0.0033, val Loss: 0.2776, val Accuracy: 91.67%
2025-01-14 20:49:15,349 - INFO - Epoch: 13, Train Loss: 0.0033, val Loss: 0.3131, val Accuracy: 93.75%
2025-01-14 20:51:42,886 - INFO - last best_acc: 93.75, current best_acc: 94.58
2025-01-14 20:51:42,922 - INFO - Model saved to save_model/model_mobilenet_0.pth
2025-01-14 20:51:42,922 - INFO - Epoch: 14, Train Loss: 0.0019, val Loss: 0.3948, val Accuracy: 94.58%
2025-01-14 20:54:13,685 - INFO - Epoch: 15, Train Loss: 0.0006, val Loss: 0.3303, val Accuracy: 94.17%
2025-01-14 20:56:42,524 - INFO - Epoch: 16, Train Loss: 0.0004, val Loss: 0.3033, val Accuracy: 94.17%
2025-01-14 20:59:07,422 - INFO - Epoch: 17, Train Loss: 0.0044, val Loss: 0.4366, val Accuracy: 92.08%
2025-01-14 21:01:33,862 - INFO - Epoch: 18, Train Loss: 0.0167, val Loss: 0.5475, val Accuracy: 88.75%
2025-01-14 21:03:58,691 - INFO - Epoch: 19, Train Loss: 0.0481, val Loss: 0.4545, val Accuracy: 89.17%
2025-01-14 21:06:27,817 - INFO - Epoch: 20, Train Loss: 0.0240, val Loss: 0.3637, val Accuracy: 92.08%
2025-01-14 21:09:05,209 - INFO - Epoch: 21, Train Loss: 0.0214, val Loss: 0.4255, val Accuracy: 91.67%
2025-01-14 21:11:36,895 - INFO - Epoch: 22, Train Loss: 0.0122, val Loss: 0.3529, val Accuracy: 92.50%
2025-01-14 21:14:04,845 - INFO - Epoch: 23, Train Loss: 0.0061, val Loss: 0.3841, val Accuracy: 92.08%
2025-01-14 21:16:29,425 - INFO - Epoch: 24, Train Loss: 0.0009, val Loss: 0.4130, val Accuracy: 92.08%
2025-01-14 21:18:58,485 - INFO - Epoch: 25, Train Loss: 0.0195, val Loss: 0.2184, val Accuracy: 93.75%
2025-01-14 21:21:25,686 - INFO - Epoch: 26, Train Loss: 0.0073, val Loss: 0.2884, val Accuracy: 93.75%
2025-01-14 21:23:50,673 - INFO - Epoch: 27, Train Loss: 0.0066, val Loss: 0.3112, val Accuracy: 91.67%
2025-01-14 21:26:15,066 - INFO - Epoch: 28, Train Loss: 0.0023, val Loss: 0.2401, val Accuracy: 93.33%
2025-01-14 21:28:43,556 - INFO - Epoch: 29, Train Loss: 0.0032, val Loss: 0.2445, val Accuracy: 93.33%
2025-01-14 21:31:13,790 - INFO - Epoch: 30, Train Loss: 0.0098, val Loss: 0.3758, val Accuracy: 92.92%
2025-01-14 21:33:44,094 - INFO - Epoch: 31, Train Loss: 0.0020, val Loss: 0.3391, val Accuracy: 93.75%
2025-01-14 21:36:11,920 - INFO - Epoch: 32, Train Loss: 0.0017, val Loss: 0.3329, val Accuracy: 94.58%
2025-01-14 21:38:38,655 - INFO - Epoch: 33, Train Loss: 0.0007, val Loss: 0.3528, val Accuracy: 94.17%
2025-01-14 21:41:08,070 - INFO - Epoch: 34, Train Loss: 0.0012, val Loss: 0.3832, val Accuracy: 92.50%
2025-01-14 21:43:36,350 - INFO - Epoch: 35, Train Loss: 0.0010, val Loss: 0.3205, val Accuracy: 93.75%
2025-01-14 21:46:06,296 - INFO - Epoch: 36, Train Loss: 0.0010, val Loss: 0.3263, val Accuracy: 92.92%
2025-01-14 21:48:31,045 - INFO - Epoch: 37, Train Loss: 0.0006, val Loss: 0.3539, val Accuracy: 92.92%
2025-01-14 21:50:56,057 - INFO - Epoch: 38, Train Loss: 0.0005, val Loss: 0.3487, val Accuracy: 92.50%
2025-01-14 21:53:20,553 - INFO - Epoch: 39, Train Loss: 0.0001, val Loss: 0.3330, val Accuracy: 92.50%
2025-01-14 21:55:48,428 - INFO - Epoch: 40, Train Loss: 0.0001, val Loss: 0.3271, val Accuracy: 92.92%
2025-01-14 21:58:15,579 - INFO - Epoch: 41, Train Loss: 0.0018, val Loss: 0.4573, val Accuracy: 91.67%
2025-01-14 22:00:43,058 - INFO - Epoch: 42, Train Loss: 0.0002, val Loss: 0.4135, val Accuracy: 92.92%
2025-01-14 22:03:10,476 - INFO - Epoch: 43, Train Loss: 0.0002, val Loss: 0.3929, val Accuracy: 92.50%
2025-01-14 22:05:34,266 - INFO - Epoch: 44, Train Loss: 0.0001, val Loss: 0.3599, val Accuracy: 93.33%
2025-01-14 22:08:02,975 - INFO - Epoch: 45, Train Loss: 0.0001, val Loss: 0.3711, val Accuracy: 92.50%
2025-01-14 22:10:27,499 - INFO - Epoch: 46, Train Loss: 0.0002, val Loss: 0.3951, val Accuracy: 92.50%
2025-01-14 22:12:54,511 - INFO - Epoch: 47, Train Loss: 0.0000, val Loss: 0.3972, val Accuracy: 92.50%
2025-01-14 22:15:23,025 - INFO - Epoch: 48, Train Loss: 0.0001, val Loss: 0.3789, val Accuracy: 92.50%
2025-01-14 22:17:50,903 - INFO - Epoch: 49, Train Loss: 0.0001, val Loss: 0.4235, val Accuracy: 92.50%
2025-01-14 22:20:16,595 - INFO - Epoch: 50, Train Loss: 0.0001, val Loss: 0.4320, val Accuracy: 92.50%
