2025-01-14 16:19:39,488 - INFO - epochs: 50
2025-01-14 16:19:39,489 - INFO - train_dir: ./data_1/train
2025-01-14 16:19:39,489 - INFO - val_dir: ./data_1/val
2025-01-14 16:19:39,489 - INFO - gpus: 1
2025-01-14 16:19:39,489 - INFO - batch_size: [32, 1]
2025-01-14 16:19:39,489 - INFO - resume: 
2025-01-14 16:19:39,489 - INFO - seed: 1024
2025-01-14 16:21:55,740 - INFO - last best_acc: 0.00, current best_acc: 30.83
2025-01-14 16:21:55,799 - INFO - Model saved to save_model/model_resnet_1.pth
2025-01-14 16:21:55,799 - INFO - Epoch: 1, Train Loss: 1.4456, val Loss: 1.8724, val Accuracy: 30.83%
2025-01-14 16:24:13,674 - INFO - last best_acc: 30.83, current best_acc: 43.75
2025-01-14 16:24:13,992 - INFO - Model saved to save_model/model_resnet_1.pth
2025-01-14 16:24:13,992 - INFO - Epoch: 2, Train Loss: 0.9446, val Loss: 2.1027, val Accuracy: 43.75%
2025-01-14 16:26:30,217 - INFO - last best_acc: 43.75, current best_acc: 60.00
2025-01-14 16:26:30,551 - INFO - Model saved to save_model/model_resnet_1.pth
2025-01-14 16:26:30,551 - INFO - Epoch: 3, Train Loss: 0.5531, val Loss: 1.0889, val Accuracy: 60.00%
2025-01-14 16:28:46,103 - INFO - Epoch: 4, Train Loss: 0.3248, val Loss: 2.0355, val Accuracy: 52.92%
2025-01-14 16:31:01,193 - INFO - last best_acc: 60.00, current best_acc: 66.67
2025-01-14 16:31:01,734 - INFO - Model saved to save_model/model_resnet_1.pth
2025-01-14 16:31:01,734 - INFO - Epoch: 5, Train Loss: 0.1873, val Loss: 1.5317, val Accuracy: 66.67%
2025-01-14 16:33:17,708 - INFO - last best_acc: 66.67, current best_acc: 70.00
2025-01-14 16:33:17,965 - INFO - Model saved to save_model/model_resnet_1.pth
2025-01-14 16:33:17,965 - INFO - Epoch: 6, Train Loss: 0.1135, val Loss: 1.3902, val Accuracy: 70.00%
2025-01-14 16:35:34,066 - INFO - Epoch: 7, Train Loss: 0.0895, val Loss: 1.6932, val Accuracy: 56.67%
2025-01-14 16:37:52,169 - INFO - last best_acc: 70.00, current best_acc: 75.00
2025-01-14 16:37:52,465 - INFO - Model saved to save_model/model_resnet_1.pth
2025-01-14 16:37:52,465 - INFO - Epoch: 8, Train Loss: 0.1128, val Loss: 1.0879, val Accuracy: 75.00%
2025-01-14 16:40:09,402 - INFO - last best_acc: 75.00, current best_acc: 78.33
2025-01-14 16:40:09,661 - INFO - Model saved to save_model/model_resnet_1.pth
2025-01-14 16:40:09,661 - INFO - Epoch: 9, Train Loss: 0.0387, val Loss: 0.8043, val Accuracy: 78.33%
2025-01-14 16:42:24,320 - INFO - Epoch: 10, Train Loss: 0.0173, val Loss: 1.1076, val Accuracy: 77.92%
2025-01-14 16:44:38,827 - INFO - last best_acc: 78.33, current best_acc: 79.58
2025-01-14 16:44:39,277 - INFO - Model saved to save_model/model_resnet_1.pth
2025-01-14 16:44:39,277 - INFO - Epoch: 11, Train Loss: 0.0132, val Loss: 0.8226, val Accuracy: 79.58%
2025-01-14 16:46:53,723 - INFO - Epoch: 12, Train Loss: 0.0241, val Loss: 1.2470, val Accuracy: 73.33%
2025-01-14 16:49:11,292 - INFO - Epoch: 13, Train Loss: 0.0626, val Loss: 1.3237, val Accuracy: 75.83%
2025-01-14 16:51:27,992 - INFO - Epoch: 14, Train Loss: 0.0405, val Loss: 1.2869, val Accuracy: 74.58%
2025-01-14 16:53:42,269 - INFO - Epoch: 15, Train Loss: 0.0172, val Loss: 0.9767, val Accuracy: 77.92%
2025-01-14 16:55:56,357 - INFO - Epoch: 16, Train Loss: 0.0066, val Loss: 1.0778, val Accuracy: 79.17%
2025-01-14 16:58:12,152 - INFO - Epoch: 17, Train Loss: 0.0048, val Loss: 1.1415, val Accuracy: 78.75%
2025-01-14 17:00:26,106 - INFO - Epoch: 18, Train Loss: 0.0070, val Loss: 1.1557, val Accuracy: 79.17%
2025-01-14 17:02:41,822 - INFO - last best_acc: 79.58, current best_acc: 81.67
2025-01-14 17:02:42,112 - INFO - Model saved to save_model/model_resnet_1.pth
2025-01-14 17:02:42,113 - INFO - Epoch: 19, Train Loss: 0.0057, val Loss: 0.9721, val Accuracy: 81.67%
2025-01-14 17:04:57,838 - INFO - Epoch: 20, Train Loss: 0.0090, val Loss: 1.2537, val Accuracy: 75.83%
2025-01-14 17:07:16,408 - INFO - Epoch: 21, Train Loss: 0.0048, val Loss: 1.0775, val Accuracy: 80.42%
2025-01-14 17:09:30,629 - INFO - Epoch: 22, Train Loss: 0.0250, val Loss: 1.3326, val Accuracy: 75.83%
2025-01-14 17:11:44,625 - INFO - Epoch: 23, Train Loss: 0.0338, val Loss: 1.2009, val Accuracy: 77.50%
2025-01-14 17:13:58,782 - INFO - Epoch: 24, Train Loss: 0.0208, val Loss: 1.0977, val Accuracy: 79.17%
2025-01-14 17:16:12,798 - INFO - Epoch: 25, Train Loss: 0.0065, val Loss: 0.9119, val Accuracy: 77.50%
2025-01-14 17:18:27,276 - INFO - Epoch: 26, Train Loss: 0.0021, val Loss: 0.9835, val Accuracy: 80.42%
2025-01-14 17:20:41,273 - INFO - Epoch: 27, Train Loss: 0.0006, val Loss: 0.9154, val Accuracy: 80.42%
2025-01-14 17:22:58,077 - INFO - Epoch: 28, Train Loss: 0.0006, val Loss: 0.9439, val Accuracy: 80.42%
2025-01-14 17:25:14,389 - INFO - Epoch: 29, Train Loss: 0.0004, val Loss: 0.9230, val Accuracy: 80.42%
2025-01-14 17:27:30,199 - INFO - Epoch: 30, Train Loss: 0.0004, val Loss: 0.9360, val Accuracy: 81.25%
2025-01-14 17:29:44,950 - INFO - Epoch: 31, Train Loss: 0.0002, val Loss: 0.9149, val Accuracy: 81.25%
2025-01-14 17:31:58,948 - INFO - Epoch: 32, Train Loss: 0.0002, val Loss: 0.9145, val Accuracy: 80.42%
2025-01-14 17:34:14,213 - INFO - Epoch: 33, Train Loss: 0.0002, val Loss: 0.9174, val Accuracy: 81.25%
2025-01-14 17:36:30,605 - INFO - Epoch: 34, Train Loss: 0.0002, val Loss: 0.9543, val Accuracy: 80.00%
2025-01-14 17:38:45,244 - INFO - Epoch: 35, Train Loss: 0.0003, val Loss: 0.9282, val Accuracy: 81.25%
2025-01-14 17:41:01,311 - INFO - Epoch: 36, Train Loss: 0.0001, val Loss: 0.9366, val Accuracy: 80.83%
2025-01-14 17:43:16,532 - INFO - last best_acc: 81.67, current best_acc: 82.50
2025-01-14 17:43:16,825 - INFO - Model saved to save_model/model_resnet_1.pth
2025-01-14 17:43:16,826 - INFO - Epoch: 37, Train Loss: 0.0003, val Loss: 0.9125, val Accuracy: 82.50%
2025-01-14 17:45:32,422 - INFO - Epoch: 38, Train Loss: 0.0016, val Loss: 1.0398, val Accuracy: 79.58%
2025-01-14 17:47:47,113 - INFO - Epoch: 39, Train Loss: 0.0007, val Loss: 0.9534, val Accuracy: 78.33%
2025-01-14 17:50:02,282 - INFO - Epoch: 40, Train Loss: 0.0003, val Loss: 0.8735, val Accuracy: 80.42%
2025-01-14 17:52:16,682 - INFO - Epoch: 41, Train Loss: 0.0005, val Loss: 1.0012, val Accuracy: 78.33%
2025-01-14 17:54:33,443 - INFO - Epoch: 42, Train Loss: 0.0003, val Loss: 0.9670, val Accuracy: 80.42%
2025-01-14 17:56:46,599 - INFO - Epoch: 43, Train Loss: 0.0002, val Loss: 0.8919, val Accuracy: 80.00%
2025-01-14 17:59:00,929 - INFO - Epoch: 44, Train Loss: 0.0001, val Loss: 0.9041, val Accuracy: 80.42%
2025-01-14 18:01:14,584 - INFO - Epoch: 45, Train Loss: 0.0002, val Loss: 0.9687, val Accuracy: 81.25%
2025-01-14 18:03:31,097 - INFO - Epoch: 46, Train Loss: 0.0001, val Loss: 0.9415, val Accuracy: 80.00%
2025-01-14 18:05:47,813 - INFO - Epoch: 47, Train Loss: 0.0001, val Loss: 0.9258, val Accuracy: 80.00%
2025-01-14 18:08:03,697 - INFO - Epoch: 48, Train Loss: 0.0001, val Loss: 0.9293, val Accuracy: 80.83%
2025-01-14 18:10:21,799 - INFO - Epoch: 49, Train Loss: 0.0002, val Loss: 0.9256, val Accuracy: 80.83%
2025-01-14 18:12:34,465 - INFO - Epoch: 50, Train Loss: 0.0001, val Loss: 0.8996, val Accuracy: 81.67%
