2025-01-11 15:40:26,522 - INFO - epochs: 50
2025-01-11 15:40:26,522 - INFO - train_dir: ./data/train
2025-01-11 15:40:26,522 - INFO - val_dir: ./data/val
2025-01-11 15:40:26,522 - INFO - gpus: 1
2025-01-11 15:40:26,522 - INFO - batch_size: [32, 1]
2025-01-11 15:40:26,522 - INFO - resume: 
2025-01-11 15:40:26,522 - INFO - seed: 1024
2025-01-11 15:42:45,265 - INFO - last best_acc: 0.00, current best_acc: 50.42
2025-01-11 15:42:45,316 - INFO - Model saved to save_model/model.pth
2025-01-11 15:42:45,317 - INFO - Epoch: 1, Train Loss: 1.2256, val Loss: 1.4996, val Accuracy: 50.42%
2025-01-11 15:45:05,214 - INFO - last best_acc: 50.42, current best_acc: 51.67
2025-01-11 15:45:05,491 - INFO - Model saved to save_model/model.pth
2025-01-11 15:45:05,491 - INFO - Epoch: 2, Train Loss: 0.6899, val Loss: 1.5143, val Accuracy: 51.67%
2025-01-11 15:47:24,403 - INFO - last best_acc: 51.67, current best_acc: 71.25
2025-01-11 15:47:24,655 - INFO - Model saved to save_model/model.pth
2025-01-11 15:47:24,655 - INFO - Epoch: 3, Train Loss: 0.4476, val Loss: 0.8476, val Accuracy: 71.25%
2025-01-11 15:49:43,231 - INFO - last best_acc: 71.25, current best_acc: 77.92
2025-01-11 15:49:43,600 - INFO - Model saved to save_model/model.pth
2025-01-11 15:49:43,600 - INFO - Epoch: 4, Train Loss: 0.2608, val Loss: 0.6846, val Accuracy: 77.92%
2025-01-11 15:52:02,795 - INFO - Epoch: 5, Train Loss: 0.1781, val Loss: 2.7616, val Accuracy: 50.42%
2025-01-11 15:54:24,357 - INFO - Epoch: 6, Train Loss: 0.1529, val Loss: 1.2303, val Accuracy: 70.42%
2025-01-11 15:56:45,127 - INFO - last best_acc: 77.92, current best_acc: 81.67
2025-01-11 15:56:45,436 - INFO - Model saved to save_model/model.pth
2025-01-11 15:56:45,436 - INFO - Epoch: 7, Train Loss: 0.1234, val Loss: 0.8561, val Accuracy: 81.67%
2025-01-11 15:59:08,350 - INFO - Epoch: 8, Train Loss: 0.0698, val Loss: 0.8261, val Accuracy: 80.42%
2025-01-11 16:01:29,808 - INFO - Epoch: 9, Train Loss: 0.0551, val Loss: 0.8991, val Accuracy: 79.58%
2025-01-11 16:03:49,179 - INFO - last best_acc: 81.67, current best_acc: 83.33
2025-01-11 16:03:49,485 - INFO - Model saved to save_model/model.pth
2025-01-11 16:03:49,486 - INFO - Epoch: 10, Train Loss: 0.0488, val Loss: 0.7135, val Accuracy: 83.33%
2025-01-11 16:06:08,532 - INFO - Epoch: 11, Train Loss: 0.0468, val Loss: 1.2048, val Accuracy: 77.92%
2025-01-11 16:08:27,370 - INFO - last best_acc: 83.33, current best_acc: 84.17
2025-01-11 16:08:27,640 - INFO - Model saved to save_model/model.pth
2025-01-11 16:08:27,640 - INFO - Epoch: 12, Train Loss: 0.0452, val Loss: 0.8473, val Accuracy: 84.17%
2025-01-11 16:10:49,953 - INFO - last best_acc: 84.17, current best_acc: 89.17
2025-01-11 16:10:50,266 - INFO - Model saved to save_model/model.pth
2025-01-11 16:10:50,266 - INFO - Epoch: 13, Train Loss: 0.0426, val Loss: 0.5773, val Accuracy: 89.17%
2025-01-11 16:13:11,850 - INFO - Epoch: 14, Train Loss: 0.0293, val Loss: 0.6527, val Accuracy: 87.08%
2025-01-11 16:15:30,355 - INFO - Epoch: 15, Train Loss: 0.0256, val Loss: 0.5861, val Accuracy: 84.58%
2025-01-11 16:17:48,865 - INFO - Epoch: 16, Train Loss: 0.0072, val Loss: 0.5836, val Accuracy: 88.33%
2025-01-11 16:20:08,724 - INFO - last best_acc: 89.17, current best_acc: 90.00
2025-01-11 16:20:08,996 - INFO - Model saved to save_model/model.pth
2025-01-11 16:20:08,996 - INFO - Epoch: 17, Train Loss: 0.0091, val Loss: 0.5361, val Accuracy: 90.00%
2025-01-11 16:22:26,566 - INFO - Epoch: 18, Train Loss: 0.0097, val Loss: 0.7149, val Accuracy: 87.50%
2025-01-11 16:24:44,526 - INFO - Epoch: 19, Train Loss: 0.0087, val Loss: 0.8442, val Accuracy: 82.50%
2025-01-11 16:27:05,130 - INFO - Epoch: 20, Train Loss: 0.0272, val Loss: 0.6898, val Accuracy: 85.42%
2025-01-11 16:29:27,861 - INFO - Epoch: 21, Train Loss: 0.0243, val Loss: 0.5510, val Accuracy: 87.50%
2025-01-11 16:31:43,996 - INFO - Epoch: 22, Train Loss: 0.0198, val Loss: 1.0383, val Accuracy: 80.00%
2025-01-11 16:34:01,971 - INFO - Epoch: 23, Train Loss: 0.0133, val Loss: 0.7969, val Accuracy: 85.83%
2025-01-11 16:36:21,077 - INFO - Epoch: 24, Train Loss: 0.0114, val Loss: 0.7619, val Accuracy: 86.67%
2025-01-11 16:38:39,211 - INFO - Epoch: 25, Train Loss: 0.0027, val Loss: 0.6824, val Accuracy: 87.50%
2025-01-11 16:40:59,676 - INFO - Epoch: 26, Train Loss: 0.0027, val Loss: 0.8072, val Accuracy: 87.50%
2025-01-11 16:43:16,596 - INFO - Epoch: 27, Train Loss: 0.0098, val Loss: 0.7190, val Accuracy: 86.25%
2025-01-11 16:45:35,587 - INFO - Epoch: 28, Train Loss: 0.0041, val Loss: 0.6562, val Accuracy: 87.08%
2025-01-11 16:47:57,288 - INFO - Epoch: 29, Train Loss: 0.0013, val Loss: 0.6109, val Accuracy: 88.33%
2025-01-11 16:50:16,770 - INFO - Epoch: 30, Train Loss: 0.0008, val Loss: 0.6759, val Accuracy: 88.75%
2025-01-11 16:52:36,008 - INFO - Epoch: 31, Train Loss: 0.0027, val Loss: 0.6327, val Accuracy: 87.92%
2025-01-11 16:54:55,697 - INFO - Epoch: 32, Train Loss: 0.0054, val Loss: 0.7154, val Accuracy: 87.92%
2025-01-11 16:57:15,719 - INFO - Epoch: 33, Train Loss: 0.0032, val Loss: 0.7079, val Accuracy: 87.50%
2025-01-11 16:59:35,043 - INFO - Epoch: 34, Train Loss: 0.0008, val Loss: 0.7511, val Accuracy: 87.50%
2025-01-11 17:01:52,516 - INFO - Epoch: 35, Train Loss: 0.0005, val Loss: 0.7414, val Accuracy: 87.50%
2025-01-11 17:04:12,864 - INFO - Epoch: 36, Train Loss: 0.0008, val Loss: 0.6726, val Accuracy: 89.58%
2025-01-11 17:06:31,938 - INFO - Epoch: 37, Train Loss: 0.0015, val Loss: 1.2104, val Accuracy: 84.17%
2025-01-11 17:08:50,091 - INFO - Epoch: 38, Train Loss: 0.0013, val Loss: 0.6736, val Accuracy: 87.08%
2025-01-11 17:11:07,459 - INFO - Epoch: 39, Train Loss: 0.0010, val Loss: 0.6725, val Accuracy: 88.75%
2025-01-11 17:13:25,412 - INFO - Epoch: 40, Train Loss: 0.0003, val Loss: 0.6878, val Accuracy: 88.75%
2025-01-11 17:15:43,169 - INFO - Epoch: 41, Train Loss: 0.0002, val Loss: 0.6925, val Accuracy: 88.33%
2025-01-11 17:18:02,597 - INFO - Epoch: 42, Train Loss: 0.0001, val Loss: 0.6855, val Accuracy: 88.75%
2025-01-11 17:20:18,801 - INFO - Epoch: 43, Train Loss: 0.0002, val Loss: 0.6810, val Accuracy: 88.75%
2025-01-11 17:22:37,696 - INFO - Epoch: 44, Train Loss: 0.0002, val Loss: 0.6638, val Accuracy: 89.17%
2025-01-11 17:24:54,807 - INFO - Epoch: 45, Train Loss: 0.0002, val Loss: 0.7179, val Accuracy: 87.08%
2025-01-11 17:27:15,720 - INFO - Epoch: 46, Train Loss: 0.0001, val Loss: 0.6763, val Accuracy: 88.33%
2025-01-11 17:29:36,373 - INFO - Epoch: 47, Train Loss: 0.0001, val Loss: 0.6686, val Accuracy: 88.75%
2025-01-11 17:31:57,446 - INFO - Epoch: 48, Train Loss: 0.0001, val Loss: 0.6768, val Accuracy: 89.17%
2025-01-11 17:34:19,158 - INFO - Epoch: 49, Train Loss: 0.0001, val Loss: 0.7001, val Accuracy: 88.33%
2025-01-11 17:36:37,584 - INFO - Epoch: 50, Train Loss: 0.0001, val Loss: 0.6637, val Accuracy: 88.75%
