2025-01-14 11:19:01,431 - INFO - epochs: 50
2025-01-14 11:19:01,431 - INFO - train_dir: ./data_0/train
2025-01-14 11:19:01,431 - INFO - val_dir: ./data_0/val
2025-01-14 11:19:01,431 - INFO - gpus: 1
2025-01-14 11:19:01,431 - INFO - batch_size: [32, 1]
2025-01-14 11:19:01,431 - INFO - resume: 
2025-01-14 11:19:01,431 - INFO - seed: 1024
2025-01-14 11:21:27,283 - INFO - last best_acc: 0.00, current best_acc: 60.83
2025-01-14 11:21:27,334 - INFO - Model saved to save_model/model_resnet_0.pth
2025-01-14 11:21:27,334 - INFO - Epoch: 1, Train Loss: 0.8082, val Loss: 1.2423, val Accuracy: 60.83%
2025-01-14 11:23:54,833 - INFO - last best_acc: 60.83, current best_acc: 61.67
2025-01-14 11:23:56,018 - INFO - Model saved to save_model/model_resnet_0.pth
2025-01-14 11:23:56,018 - INFO - Epoch: 2, Train Loss: 0.3352, val Loss: 2.0503, val Accuracy: 61.67%
2025-01-14 11:26:23,289 - INFO - Epoch: 3, Train Loss: 0.2164, val Loss: 2.5922, val Accuracy: 60.83%
2025-01-14 11:28:49,565 - INFO - last best_acc: 61.67, current best_acc: 66.25
2025-01-14 11:28:49,837 - INFO - Model saved to save_model/model_resnet_0.pth
2025-01-14 11:28:49,837 - INFO - Epoch: 4, Train Loss: 0.1812, val Loss: 1.6313, val Accuracy: 66.25%
2025-01-14 11:31:14,622 - INFO - last best_acc: 66.25, current best_acc: 77.50
2025-01-14 11:31:14,977 - INFO - Model saved to save_model/model_resnet_0.pth
2025-01-14 11:31:14,977 - INFO - Epoch: 5, Train Loss: 0.0983, val Loss: 0.9467, val Accuracy: 77.50%
2025-01-14 11:33:39,657 - INFO - last best_acc: 77.50, current best_acc: 80.00
2025-01-14 11:33:40,296 - INFO - Model saved to save_model/model_resnet_0.pth
2025-01-14 11:33:40,296 - INFO - Epoch: 6, Train Loss: 0.0538, val Loss: 0.6646, val Accuracy: 80.00%
2025-01-14 11:36:06,586 - INFO - last best_acc: 80.00, current best_acc: 81.25
2025-01-14 11:36:06,854 - INFO - Model saved to save_model/model_resnet_0.pth
2025-01-14 11:36:06,855 - INFO - Epoch: 7, Train Loss: 0.0434, val Loss: 0.9011, val Accuracy: 81.25%
2025-01-14 11:38:34,407 - INFO - Epoch: 8, Train Loss: 0.0665, val Loss: 0.8052, val Accuracy: 80.00%
2025-01-14 11:40:59,101 - INFO - Epoch: 9, Train Loss: 0.0372, val Loss: 1.0738, val Accuracy: 72.92%
2025-01-14 11:43:27,357 - INFO - last best_acc: 81.25, current best_acc: 85.42
2025-01-14 11:43:27,883 - INFO - Model saved to save_model/model_resnet_0.pth
2025-01-14 11:43:27,883 - INFO - Epoch: 10, Train Loss: 0.0393, val Loss: 0.5919, val Accuracy: 85.42%
2025-01-14 11:45:53,156 - INFO - last best_acc: 85.42, current best_acc: 91.25
2025-01-14 11:45:53,442 - INFO - Model saved to save_model/model_resnet_0.pth
2025-01-14 11:45:53,442 - INFO - Epoch: 11, Train Loss: 0.0123, val Loss: 0.3994, val Accuracy: 91.25%
2025-01-14 11:48:19,954 - INFO - Epoch: 12, Train Loss: 0.0304, val Loss: 1.6884, val Accuracy: 67.08%
2025-01-14 11:50:50,245 - INFO - Epoch: 13, Train Loss: 0.0279, val Loss: 0.5224, val Accuracy: 87.92%
2025-01-14 11:53:15,778 - INFO - Epoch: 14, Train Loss: 0.0222, val Loss: 0.3154, val Accuracy: 89.58%
2025-01-14 11:55:39,917 - INFO - Epoch: 15, Train Loss: 0.0121, val Loss: 0.5823, val Accuracy: 83.33%
2025-01-14 11:58:05,096 - INFO - Epoch: 16, Train Loss: 0.0048, val Loss: 0.4445, val Accuracy: 88.33%
2025-01-14 12:00:30,080 - INFO - Epoch: 17, Train Loss: 0.0128, val Loss: 0.4930, val Accuracy: 90.00%
2025-01-14 12:02:55,232 - INFO - Epoch: 18, Train Loss: 0.0193, val Loss: 1.3230, val Accuracy: 74.58%
2025-01-14 12:05:21,933 - INFO - Epoch: 19, Train Loss: 0.0132, val Loss: 0.7144, val Accuracy: 83.33%
2025-01-14 12:07:46,921 - INFO - Epoch: 20, Train Loss: 0.0178, val Loss: 0.3183, val Accuracy: 91.25%
2025-01-14 12:10:18,004 - INFO - Epoch: 21, Train Loss: 0.0066, val Loss: 0.5262, val Accuracy: 89.17%
2025-01-14 12:12:42,354 - INFO - Epoch: 22, Train Loss: 0.0019, val Loss: 0.5809, val Accuracy: 88.75%
2025-01-14 12:15:07,240 - INFO - Epoch: 23, Train Loss: 0.0080, val Loss: 0.6422, val Accuracy: 87.08%
2025-01-14 12:17:31,985 - INFO - Epoch: 24, Train Loss: 0.0075, val Loss: 0.5679, val Accuracy: 89.17%
2025-01-14 12:19:56,125 - INFO - Epoch: 25, Train Loss: 0.0010, val Loss: 0.5346, val Accuracy: 89.17%
2025-01-14 12:22:22,169 - INFO - Epoch: 26, Train Loss: 0.0006, val Loss: 0.5792, val Accuracy: 88.75%
2025-01-14 12:24:47,593 - INFO - Epoch: 27, Train Loss: 0.0005, val Loss: 0.5088, val Accuracy: 91.25%
2025-01-14 12:27:17,976 - INFO - Epoch: 28, Train Loss: 0.0002, val Loss: 0.4893, val Accuracy: 90.83%
2025-01-14 12:29:44,337 - INFO - Epoch: 29, Train Loss: 0.0002, val Loss: 0.4938, val Accuracy: 90.83%
2025-01-14 12:32:11,429 - INFO - Epoch: 30, Train Loss: 0.0001, val Loss: 0.4847, val Accuracy: 91.25%
2025-01-14 12:34:36,837 - INFO - last best_acc: 91.25, current best_acc: 91.67
2025-01-14 12:34:37,099 - INFO - Model saved to save_model/model_resnet_0.pth
2025-01-14 12:34:37,100 - INFO - Epoch: 31, Train Loss: 0.0001, val Loss: 0.4619, val Accuracy: 91.67%
2025-01-14 12:36:59,800 - INFO - last best_acc: 91.67, current best_acc: 92.08
2025-01-14 12:37:00,091 - INFO - Model saved to save_model/model_resnet_0.pth
2025-01-14 12:37:00,102 - INFO - Epoch: 32, Train Loss: 0.0001, val Loss: 0.5157, val Accuracy: 92.08%
2025-01-14 12:39:25,025 - INFO - Epoch: 33, Train Loss: 0.0002, val Loss: 0.5367, val Accuracy: 90.83%
2025-01-14 12:41:52,007 - INFO - Epoch: 34, Train Loss: 0.0001, val Loss: 0.5402, val Accuracy: 90.00%
2025-01-14 12:44:17,171 - INFO - Epoch: 35, Train Loss: 0.0001, val Loss: 0.4994, val Accuracy: 91.67%
2025-01-14 12:46:42,572 - INFO - Epoch: 36, Train Loss: 0.0001, val Loss: 0.5074, val Accuracy: 90.83%
2025-01-14 12:49:07,618 - INFO - Epoch: 37, Train Loss: 0.0001, val Loss: 0.5052, val Accuracy: 90.42%
2025-01-14 12:51:32,507 - INFO - Epoch: 38, Train Loss: 0.0001, val Loss: 0.4944, val Accuracy: 91.67%
2025-01-14 12:53:57,508 - INFO - Epoch: 39, Train Loss: 0.0001, val Loss: 0.5040, val Accuracy: 91.67%
2025-01-14 12:56:20,990 - INFO - Epoch: 40, Train Loss: 0.0000, val Loss: 0.5037, val Accuracy: 91.25%
2025-01-14 12:58:46,899 - INFO - Epoch: 41, Train Loss: 0.0000, val Loss: 0.5514, val Accuracy: 90.00%
2025-01-14 13:01:14,576 - INFO - Epoch: 42, Train Loss: 0.0000, val Loss: 0.5388, val Accuracy: 90.42%
2025-01-14 13:03:37,944 - INFO - Epoch: 43, Train Loss: 0.0000, val Loss: 0.5037, val Accuracy: 92.08%
2025-01-14 13:06:01,878 - INFO - Epoch: 44, Train Loss: 0.0002, val Loss: 0.5164, val Accuracy: 91.25%
2025-01-14 13:08:26,027 - INFO - Epoch: 45, Train Loss: 0.0000, val Loss: 0.5291, val Accuracy: 91.25%
2025-01-14 13:10:52,319 - INFO - Epoch: 46, Train Loss: 0.0001, val Loss: 0.5060, val Accuracy: 91.25%
2025-01-14 13:13:20,210 - INFO - Epoch: 47, Train Loss: 0.0000, val Loss: 0.5132, val Accuracy: 90.00%
2025-01-14 13:15:47,114 - INFO - Epoch: 48, Train Loss: 0.0001, val Loss: 0.5510, val Accuracy: 90.83%
2025-01-14 13:18:13,354 - INFO - Epoch: 49, Train Loss: 0.0001, val Loss: 0.6199, val Accuracy: 89.58%
2025-01-14 13:20:39,320 - INFO - Epoch: 50, Train Loss: 0.0001, val Loss: 0.5752, val Accuracy: 90.42%
