2025-01-19 23:46:56,634 - INFO - epochs: 50
2025-01-19 23:46:56,634 - INFO - train_dir: ./data_45/train
2025-01-19 23:46:56,634 - INFO - val_dir: ./data_45/val
2025-01-19 23:46:56,634 - INFO - gpus: 1
2025-01-19 23:46:56,634 - INFO - batch_size: [32, 1]
2025-01-19 23:46:56,634 - INFO - resume: 
2025-01-19 23:46:56,634 - INFO - seed: 1024
2025-01-19 23:50:21,212 - INFO - last best_acc: 0.00, current best_acc: 43.33
2025-01-19 23:50:21,276 - INFO - Model saved to new/with_centerCrop/w_save_model/model_resnet_45.pth
2025-01-19 23:50:21,277 - INFO - Epoch: 1, Train Loss: 1.2491, val Loss: 1.6490, val Accuracy: 43.33%
2025-01-19 23:53:35,884 - INFO - last best_acc: 43.33, current best_acc: 48.33
2025-01-19 23:53:36,797 - INFO - Model saved to new/with_centerCrop/w_save_model/model_resnet_45.pth
2025-01-19 23:53:36,798 - INFO - Epoch: 2, Train Loss: 0.7470, val Loss: 1.6734, val Accuracy: 48.33%
2025-01-19 23:56:59,386 - INFO - Epoch: 3, Train Loss: 0.5126, val Loss: 1.9602, val Accuracy: 46.67%
2025-01-20 00:00:22,494 - INFO - last best_acc: 48.33, current best_acc: 79.17
2025-01-20 00:00:22,921 - INFO - Model saved to new/with_centerCrop/w_save_model/model_resnet_45.pth
2025-01-20 00:00:22,922 - INFO - Epoch: 4, Train Loss: 0.3111, val Loss: 0.7171, val Accuracy: 79.17%
2025-01-20 00:03:44,098 - INFO - Epoch: 5, Train Loss: 0.2040, val Loss: 0.8425, val Accuracy: 72.08%
2025-01-20 00:07:05,343 - INFO - Epoch: 6, Train Loss: 0.1762, val Loss: 0.9986, val Accuracy: 73.33%
2025-01-20 00:10:27,213 - INFO - last best_acc: 79.17, current best_acc: 79.58
2025-01-20 00:10:27,520 - INFO - Model saved to new/with_centerCrop/w_save_model/model_resnet_45.pth
2025-01-20 00:10:27,520 - INFO - Epoch: 7, Train Loss: 0.1176, val Loss: 0.7912, val Accuracy: 79.58%
2025-01-20 00:13:47,341 - INFO - Epoch: 8, Train Loss: 0.0959, val Loss: 1.1855, val Accuracy: 74.58%
2025-01-20 00:17:09,276 - INFO - last best_acc: 79.58, current best_acc: 84.58
2025-01-20 00:17:09,603 - INFO - Model saved to new/with_centerCrop/w_save_model/model_resnet_45.pth
2025-01-20 00:17:09,603 - INFO - Epoch: 9, Train Loss: 0.0527, val Loss: 0.5055, val Accuracy: 84.58%
2025-01-20 00:20:30,632 - INFO - Epoch: 10, Train Loss: 0.0279, val Loss: 0.7067, val Accuracy: 82.92%
2025-01-20 00:23:51,642 - INFO - Epoch: 11, Train Loss: 0.0147, val Loss: 1.0460, val Accuracy: 76.67%
2025-01-20 00:27:08,964 - INFO - last best_acc: 84.58, current best_acc: 85.00
2025-01-20 00:27:09,177 - INFO - Model saved to new/with_centerCrop/w_save_model/model_resnet_45.pth
2025-01-20 00:27:09,177 - INFO - Epoch: 12, Train Loss: 0.0164, val Loss: 0.6114, val Accuracy: 85.00%
2025-01-20 00:30:28,293 - INFO - Epoch: 13, Train Loss: 0.0496, val Loss: 1.9168, val Accuracy: 70.00%
2025-01-20 00:33:48,786 - INFO - Epoch: 14, Train Loss: 0.1126, val Loss: 0.6423, val Accuracy: 82.50%
2025-01-20 00:37:09,065 - INFO - Epoch: 15, Train Loss: 0.0321, val Loss: 1.1962, val Accuracy: 78.33%
2025-01-20 00:40:30,490 - INFO - last best_acc: 85.00, current best_acc: 87.92
2025-01-20 00:40:30,970 - INFO - Model saved to new/with_centerCrop/w_save_model/model_resnet_45.pth
2025-01-20 00:40:30,970 - INFO - Epoch: 16, Train Loss: 0.0164, val Loss: 0.5736, val Accuracy: 87.92%
2025-01-20 00:43:48,835 - INFO - Epoch: 17, Train Loss: 0.0209, val Loss: 0.5942, val Accuracy: 87.50%
2025-01-20 00:47:04,349 - INFO - last best_acc: 87.92, current best_acc: 91.25
2025-01-20 00:47:04,775 - INFO - Model saved to new/with_centerCrop/w_save_model/model_resnet_45.pth
2025-01-20 00:47:04,775 - INFO - Epoch: 18, Train Loss: 0.0086, val Loss: 0.5232, val Accuracy: 91.25%
2025-01-20 00:50:25,894 - INFO - Epoch: 19, Train Loss: 0.0054, val Loss: 0.6674, val Accuracy: 87.92%
2025-01-20 00:53:40,843 - INFO - Epoch: 20, Train Loss: 0.0149, val Loss: 0.5928, val Accuracy: 88.33%
2025-01-20 00:56:53,976 - INFO - Epoch: 21, Train Loss: 0.0093, val Loss: 0.6507, val Accuracy: 90.00%
2025-01-20 01:00:03,499 - INFO - Epoch: 22, Train Loss: 0.0089, val Loss: 0.6216, val Accuracy: 86.67%
2025-01-20 01:03:14,425 - INFO - Epoch: 23, Train Loss: 0.0083, val Loss: 0.5047, val Accuracy: 90.83%
2025-01-20 01:06:25,955 - INFO - Epoch: 24, Train Loss: 0.0028, val Loss: 0.6398, val Accuracy: 88.33%
2025-01-20 01:09:38,215 - INFO - last best_acc: 91.25, current best_acc: 91.67
2025-01-20 01:09:38,620 - INFO - Model saved to new/with_centerCrop/w_save_model/model_resnet_45.pth
2025-01-20 01:09:38,620 - INFO - Epoch: 25, Train Loss: 0.0009, val Loss: 0.5682, val Accuracy: 91.67%
2025-01-20 01:12:52,457 - INFO - Epoch: 26, Train Loss: 0.0115, val Loss: 0.9080, val Accuracy: 84.58%
2025-01-20 01:16:03,354 - INFO - Epoch: 27, Train Loss: 0.0175, val Loss: 0.7021, val Accuracy: 87.08%
2025-01-20 01:19:13,692 - INFO - Epoch: 28, Train Loss: 0.0013, val Loss: 0.6686, val Accuracy: 89.17%
2025-01-20 01:22:27,481 - INFO - Epoch: 29, Train Loss: 0.0024, val Loss: 0.6767, val Accuracy: 88.75%
2025-01-20 01:25:43,230 - INFO - Epoch: 30, Train Loss: 0.0126, val Loss: 0.8217, val Accuracy: 84.17%
2025-01-20 01:28:54,566 - INFO - Epoch: 31, Train Loss: 0.0049, val Loss: 0.6770, val Accuracy: 87.92%
2025-01-20 01:32:13,316 - INFO - Epoch: 32, Train Loss: 0.0040, val Loss: 0.6788, val Accuracy: 89.17%
2025-01-20 01:35:27,580 - INFO - Epoch: 33, Train Loss: 0.0231, val Loss: 0.6199, val Accuracy: 87.92%
2025-01-20 01:38:39,606 - INFO - Epoch: 34, Train Loss: 0.0039, val Loss: 0.5429, val Accuracy: 88.75%
2025-01-20 01:41:54,432 - INFO - Epoch: 35, Train Loss: 0.0019, val Loss: 0.5860, val Accuracy: 88.75%
2025-01-20 01:45:05,885 - INFO - Epoch: 36, Train Loss: 0.0011, val Loss: 0.5172, val Accuracy: 90.00%
2025-01-20 01:48:26,612 - INFO - Epoch: 37, Train Loss: 0.0056, val Loss: 0.5854, val Accuracy: 90.83%
2025-01-20 01:51:43,174 - INFO - Epoch: 38, Train Loss: 0.0019, val Loss: 0.5389, val Accuracy: 90.00%
2025-01-20 01:54:53,504 - INFO - Epoch: 39, Train Loss: 0.0005, val Loss: 0.5640, val Accuracy: 88.33%
2025-01-20 01:58:05,953 - INFO - Epoch: 40, Train Loss: 0.0004, val Loss: 0.5792, val Accuracy: 89.58%
2025-01-20 02:01:19,938 - INFO - Epoch: 41, Train Loss: 0.0002, val Loss: 0.5699, val Accuracy: 90.00%
2025-01-20 02:04:35,292 - INFO - Epoch: 42, Train Loss: 0.0003, val Loss: 0.5752, val Accuracy: 90.42%
2025-01-20 02:07:41,497 - INFO - Epoch: 43, Train Loss: 0.0002, val Loss: 0.5523, val Accuracy: 90.83%
2025-01-20 02:10:52,806 - INFO - Epoch: 44, Train Loss: 0.0003, val Loss: 0.5650, val Accuracy: 89.17%
2025-01-20 02:14:03,397 - INFO - Epoch: 45, Train Loss: 0.0004, val Loss: 0.5629, val Accuracy: 90.42%
2025-01-20 02:17:18,079 - INFO - Epoch: 46, Train Loss: 0.0002, val Loss: 0.5323, val Accuracy: 91.25%
2025-01-20 02:20:17,117 - INFO - Epoch: 47, Train Loss: 0.0001, val Loss: 0.5340, val Accuracy: 91.25%
2025-01-20 02:22:53,810 - INFO - Epoch: 48, Train Loss: 0.0009, val Loss: 0.6943, val Accuracy: 86.25%
2025-01-20 02:25:37,025 - INFO - Epoch: 49, Train Loss: 0.0053, val Loss: 0.6651, val Accuracy: 88.33%
2025-01-20 02:28:11,837 - INFO - Epoch: 50, Train Loss: 0.0014, val Loss: 0.6705, val Accuracy: 88.33%
