2025-01-20 11:52:04,168 - INFO - epochs: 50
2025-01-20 11:52:04,168 - INFO - train_dir: ./data_1/train
2025-01-20 11:52:04,168 - INFO - val_dir: ./data_1/val
2025-01-20 11:52:04,168 - INFO - gpus: 1
2025-01-20 11:52:04,168 - INFO - batch_size: [32, 1]
2025-01-20 11:52:04,168 - INFO - resume: 
2025-01-20 11:52:04,168 - INFO - seed: 1024
2025-01-20 11:54:24,294 - INFO - last best_acc: 0.00, current best_acc: 62.50
2025-01-20 11:54:24,319 - INFO - Model saved to new/with_centerCrop/w_save_model/model_mobilenet_1.pth
2025-01-20 11:54:24,320 - INFO - Epoch: 1, Train Loss: 1.0615, val Loss: 1.2803, val Accuracy: 62.50%
2025-01-20 11:56:58,164 - INFO - last best_acc: 62.50, current best_acc: 72.50
2025-01-20 11:56:58,303 - INFO - Model saved to new/with_centerCrop/w_save_model/model_mobilenet_1.pth
2025-01-20 11:56:58,303 - INFO - Epoch: 2, Train Loss: 0.4094, val Loss: 0.8845, val Accuracy: 72.50%
2025-01-20 11:59:35,862 - INFO - last best_acc: 72.50, current best_acc: 81.67
2025-01-20 11:59:35,919 - INFO - Model saved to new/with_centerCrop/w_save_model/model_mobilenet_1.pth
2025-01-20 11:59:35,920 - INFO - Epoch: 3, Train Loss: 0.2001, val Loss: 0.6107, val Accuracy: 81.67%
2025-01-20 12:02:12,749 - INFO - Epoch: 4, Train Loss: 0.1443, val Loss: 0.9835, val Accuracy: 77.92%
2025-01-20 12:04:43,431 - INFO - Epoch: 5, Train Loss: 0.1351, val Loss: 0.6814, val Accuracy: 80.42%
2025-01-20 12:07:13,592 - INFO - last best_acc: 81.67, current best_acc: 84.17
2025-01-20 12:07:13,656 - INFO - Model saved to new/with_centerCrop/w_save_model/model_mobilenet_1.pth
2025-01-20 12:07:13,656 - INFO - Epoch: 6, Train Loss: 0.0789, val Loss: 0.8864, val Accuracy: 84.17%
2025-01-20 12:09:42,824 - INFO - last best_acc: 84.17, current best_acc: 87.50
2025-01-20 12:09:42,876 - INFO - Model saved to new/with_centerCrop/w_save_model/model_mobilenet_1.pth
2025-01-20 12:09:42,876 - INFO - Epoch: 7, Train Loss: 0.0421, val Loss: 0.6089, val Accuracy: 87.50%
2025-01-20 12:12:12,990 - INFO - last best_acc: 87.50, current best_acc: 88.33
2025-01-20 12:12:13,056 - INFO - Model saved to new/with_centerCrop/w_save_model/model_mobilenet_1.pth
2025-01-20 12:12:13,057 - INFO - Epoch: 8, Train Loss: 0.0778, val Loss: 0.6657, val Accuracy: 88.33%
2025-01-20 12:14:43,769 - INFO - Epoch: 9, Train Loss: 0.0648, val Loss: 0.9229, val Accuracy: 82.92%
2025-01-20 12:17:11,760 - INFO - Epoch: 10, Train Loss: 0.0458, val Loss: 0.9597, val Accuracy: 82.50%
2025-01-20 12:19:43,060 - INFO - Epoch: 11, Train Loss: 0.0229, val Loss: 0.7854, val Accuracy: 85.83%
2025-01-20 12:22:16,569 - INFO - Epoch: 12, Train Loss: 0.0306, val Loss: 0.6893, val Accuracy: 85.42%
2025-01-20 12:24:42,807 - INFO - Epoch: 13, Train Loss: 0.0109, val Loss: 0.6347, val Accuracy: 88.33%
2025-01-20 12:27:10,998 - INFO - Epoch: 14, Train Loss: 0.0060, val Loss: 0.7713, val Accuracy: 88.33%
2025-01-20 12:29:42,477 - INFO - Epoch: 15, Train Loss: 0.0156, val Loss: 0.8854, val Accuracy: 82.08%
2025-01-20 12:32:10,497 - INFO - last best_acc: 88.33, current best_acc: 90.42
2025-01-20 12:32:10,550 - INFO - Model saved to new/with_centerCrop/w_save_model/model_mobilenet_1.pth
2025-01-20 12:32:10,550 - INFO - Epoch: 16, Train Loss: 0.0294, val Loss: 0.6572, val Accuracy: 90.42%
2025-01-20 12:34:40,845 - INFO - Epoch: 17, Train Loss: 0.0294, val Loss: 0.9853, val Accuracy: 86.25%
2025-01-20 12:37:13,079 - INFO - Epoch: 18, Train Loss: 0.0191, val Loss: 0.8139, val Accuracy: 85.00%
2025-01-20 12:39:42,351 - INFO - Epoch: 19, Train Loss: 0.0301, val Loss: 0.8165, val Accuracy: 83.75%
2025-01-20 12:42:15,051 - INFO - Epoch: 20, Train Loss: 0.0242, val Loss: 0.8767, val Accuracy: 84.17%
2025-01-20 12:44:45,071 - INFO - Epoch: 21, Train Loss: 0.0137, val Loss: 0.7362, val Accuracy: 88.33%
2025-01-20 12:47:19,306 - INFO - Epoch: 22, Train Loss: 0.0063, val Loss: 0.7374, val Accuracy: 87.50%
2025-01-20 12:49:48,544 - INFO - Epoch: 23, Train Loss: 0.0033, val Loss: 0.6192, val Accuracy: 89.17%
2025-01-20 12:52:21,110 - INFO - Epoch: 24, Train Loss: 0.0040, val Loss: 0.7580, val Accuracy: 86.67%
2025-01-20 12:54:51,624 - INFO - Epoch: 25, Train Loss: 0.0040, val Loss: 0.7445, val Accuracy: 89.58%
2025-01-20 12:57:20,443 - INFO - Epoch: 26, Train Loss: 0.0013, val Loss: 0.6711, val Accuracy: 89.58%
2025-01-20 12:59:47,552 - INFO - Epoch: 27, Train Loss: 0.0006, val Loss: 0.6545, val Accuracy: 89.17%
2025-01-20 13:02:18,563 - INFO - Epoch: 28, Train Loss: 0.0003, val Loss: 0.7041, val Accuracy: 90.00%
2025-01-20 13:04:50,592 - INFO - last best_acc: 90.42, current best_acc: 90.83
2025-01-20 13:04:50,651 - INFO - Model saved to new/with_centerCrop/w_save_model/model_mobilenet_1.pth
2025-01-20 13:04:50,651 - INFO - Epoch: 29, Train Loss: 0.0003, val Loss: 0.6927, val Accuracy: 90.83%
2025-01-20 13:07:20,272 - INFO - Epoch: 30, Train Loss: 0.0005, val Loss: 0.6877, val Accuracy: 90.42%
2025-01-20 13:09:50,450 - INFO - Epoch: 31, Train Loss: 0.0010, val Loss: 0.6383, val Accuracy: 88.75%
2025-01-20 13:12:23,517 - INFO - Epoch: 32, Train Loss: 0.0007, val Loss: 0.7000, val Accuracy: 89.58%
2025-01-20 13:14:53,423 - INFO - Epoch: 33, Train Loss: 0.0002, val Loss: 0.7036, val Accuracy: 90.00%
2025-01-20 13:17:26,287 - INFO - Epoch: 34, Train Loss: 0.0017, val Loss: 0.7477, val Accuracy: 88.75%
2025-01-20 13:20:01,950 - INFO - Epoch: 35, Train Loss: 0.0045, val Loss: 0.7636, val Accuracy: 89.17%
2025-01-20 13:22:36,621 - INFO - Epoch: 36, Train Loss: 0.0029, val Loss: 0.8406, val Accuracy: 90.42%
2025-01-20 13:25:03,390 - INFO - Epoch: 37, Train Loss: 0.0026, val Loss: 0.9075, val Accuracy: 87.08%
2025-01-20 13:27:34,502 - INFO - Epoch: 38, Train Loss: 0.0082, val Loss: 0.7470, val Accuracy: 87.92%
2025-01-20 13:30:12,116 - INFO - Epoch: 39, Train Loss: 0.0083, val Loss: 0.7099, val Accuracy: 86.67%
2025-01-20 13:32:44,846 - INFO - Epoch: 40, Train Loss: 0.0089, val Loss: 0.8004, val Accuracy: 87.50%
2025-01-20 13:35:15,802 - INFO - Epoch: 41, Train Loss: 0.0141, val Loss: 0.7425, val Accuracy: 86.25%
2025-01-20 13:37:49,658 - INFO - Epoch: 42, Train Loss: 0.0029, val Loss: 0.6612, val Accuracy: 86.67%
2025-01-20 13:40:20,938 - INFO - Epoch: 43, Train Loss: 0.0026, val Loss: 0.7288, val Accuracy: 87.08%
2025-01-20 13:42:47,714 - INFO - Epoch: 44, Train Loss: 0.0006, val Loss: 0.7213, val Accuracy: 87.92%
2025-01-20 13:45:22,887 - INFO - Epoch: 45, Train Loss: 0.0005, val Loss: 0.7494, val Accuracy: 87.08%
2025-01-20 13:47:52,997 - INFO - Epoch: 46, Train Loss: 0.0005, val Loss: 0.7304, val Accuracy: 89.17%
2025-01-20 13:50:24,428 - INFO - Epoch: 47, Train Loss: 0.0002, val Loss: 0.7616, val Accuracy: 88.75%
2025-01-20 13:52:55,099 - INFO - Epoch: 48, Train Loss: 0.0004, val Loss: 0.7437, val Accuracy: 89.17%
2025-01-20 13:55:21,462 - INFO - Epoch: 49, Train Loss: 0.0004, val Loss: 0.7617, val Accuracy: 89.17%
2025-01-20 13:57:53,517 - INFO - Epoch: 50, Train Loss: 0.0006, val Loss: 0.7286, val Accuracy: 90.00%
